==============================================================================
20170205 09:11:15.230 - INFO - + START SUITE: Acceptancetest [ ]
==============================================================================
20170205 09:11:15.355 - INFO - +- START SUITE: Acceptancetest.CSV-JSONConversion [ ]
==============================================================================
20170205 09:11:15.355 - INFO - +-- START TEST: CSV to JSON to CSV Yields Original [ ]
------------------------------------------------------------------------------
20170205 09:11:15.370 - INFO - +--- START KW: OperatingSystem.Get File [ src/test/resources/grades.csv ]
20170205 09:11:15.370 - INFO - ${contents} = "ID","Total","Assignment 1","Assignment 2","Exam 1"
"111278","611","146","128","337"
"111352","867","227","228","412"
"111373","461","96","90","275"
"111305","835","220","217","398"
"111399","898","22...
20170205 09:11:15.370 - INFO - +--- END KW: OperatingSystem.Get File (15)
~~~~~~~~~~~~~~~~~~~~~~~~~~~~~~~~~~~~~~~~~~~~~~~~~~~~~~~~~~~~~~~~~~~~~~~~~~~~~~
20170205 09:11:15.370 - INFO - +--- START KW: keywords.ConverterKeywords.Convert To Json [ ${contents} ]
20170205 09:11:15.386 - INFO - ${json} = {"rowHeaders":["111278","111352","111373","111305","111399","111160","111276","111241"],"data":[[611,146,128,337],[867,227,228,412],[461,96,90,275],[835,220,217,398],[898,226,229,443],[454,77,125,252]...
20170205 09:11:15.386 - INFO - +--- END KW: keywords.ConverterKeywords.Convert To Json (16)
~~~~~~~~~~~~~~~~~~~~~~~~~~~~~~~~~~~~~~~~~~~~~~~~~~~~~~~~~~~~~~~~~~~~~~~~~~~~~~
20170205 09:11:15.386 - INFO - +--- START KW: keywords.ConverterKeywords.Convert To Csv [ ${json} ]
20170205 09:11:15.386 - INFO - ${csv} = "ID","Total","Assignment 1","Assignment 2","Exam 1"
"111278","611","146","128","337"
"111352","867","227","228","412"
"111373","461","96","90","275"
"111305","835","220","217","398"
"111399","898","22...
20170205 09:11:15.401 - INFO - +--- END KW: keywords.ConverterKeywords.Convert To Csv (0)
~~~~~~~~~~~~~~~~~~~~~~~~~~~~~~~~~~~~~~~~~~~~~~~~~~~~~~~~~~~~~~~~~~~~~~~~~~~~~~
20170205 09:11:15.401 - INFO - +--- START KW: BuiltIn.Should Be Equal [ ${contents} | ${csv} ]
20170205 09:11:15.401 - INFO - +--- END KW: BuiltIn.Should Be Equal (0)
------------------------------------------------------------------------------
20170205 09:11:15.401 - INFO - +-- END TEST: CSV to JSON to CSV Yields Original (46)
------------------------------------------------------------------------------
20170205 09:11:15.401 - INFO - +-- START TEST: JSON to CSV to JSON Yields Original [ ]
------------------------------------------------------------------------------
20170205 09:11:15.401 - INFO - +--- START KW: OperatingSystem.Get File [ src/test/resources/grades.json ]
20170205 09:11:15.417 - INFO - ${contents} = {
    "colHeaders":["Total","Assignment 1","Assignment 2","Exam 1"],
    "rowHeaders":["111278","111352","111373","111305","111399","111160","111276","111241"],
    "data":[[611,146,128,337],
        ...
20170205 09:11:15.417 - INFO - +--- END KW: OperatingSystem.Get File (16)
~~~~~~~~~~~~~~~~~~~~~~~~~~~~~~~~~~~~~~~~~~~~~~~~~~~~~~~~~~~~~~~~~~~~~~~~~~~~~~
20170205 09:11:15.417 - INFO - +--- START KW: keywords.ConverterKeywords.Convert To Csv [ ${contents} ]
20170205 09:11:15.417 - INFO - ${csv} = "ID","Total","Assignment 1","Assignment 2","Exam 1"
"111278","611","146","128","337"
"111352","867","227","228","412"
"111373","461","96","90","275"
"111305","835","220","217","398"
"111399","898","22...
20170205 09:11:15.417 - INFO - +--- END KW: keywords.ConverterKeywords.Convert To Csv (0)
~~~~~~~~~~~~~~~~~~~~~~~~~~~~~~~~~~~~~~~~~~~~~~~~~~~~~~~~~~~~~~~~~~~~~~~~~~~~~~
20170205 09:11:15.417 - INFO - +--- START KW: keywords.ConverterKeywords.Convert To Json [ ${csv} ]
20170205 09:11:15.417 - INFO - ${json} = {"rowHeaders":["111278","111352","111373","111305","111399","111160","111276","111241"],"data":[[611,146,128,337],[867,227,228,412],[461,96,90,275],[835,220,217,398],[898,226,229,443],[454,77,125,252]...
20170205 09:11:15.417 - INFO - +--- END KW: keywords.ConverterKeywords.Convert To Json (0)
~~~~~~~~~~~~~~~~~~~~~~~~~~~~~~~~~~~~~~~~~~~~~~~~~~~~~~~~~~~~~~~~~~~~~~~~~~~~~~
20170205 09:11:15.417 - INFO - +--- START KW: keywords.ConverterKeywords.Json Strings Are Equal [ ${contents} | ${json} ]
20170205 09:11:15.433 - INFO - ${same} = True
20170205 09:11:15.433 - INFO - +--- END KW: keywords.ConverterKeywords.Json Strings Are Equal (16)
~~~~~~~~~~~~~~~~~~~~~~~~~~~~~~~~~~~~~~~~~~~~~~~~~~~~~~~~~~~~~~~~~~~~~~~~~~~~~~
20170205 09:11:15.433 - INFO - +--- START KW: BuiltIn.Should Be True [ ${same} ]
20170205 09:11:15.433 - INFO - +--- END KW: BuiltIn.Should Be True (0)
------------------------------------------------------------------------------
20170205 09:11:15.433 - INFO - +-- END TEST: JSON to CSV to JSON Yields Original (32)
------------------------------------------------------------------------------
20170205 09:11:15.433 - INFO - +- END SUITE: Acceptancetest.CSV-JSONConversion (203)
==============================================================================
20170205 09:11:15.448 - INFO - + END SUITE: Acceptancetest (422)
==============================================================================
